0 info it worked if it ends with ok
1 verbose cli [ 'C:\\Program Files\\nodejs\\node.exe',
1 verbose cli   'C:\\Program Files\\nodejs\\node_modules\\npm\\bin\\npm-cli.js',
1 verbose cli   'install',
1 verbose cli   'mongoose' ]
2 info using npm@3.10.10
3 info using node@v6.9.5
4 silly loadCurrentTree Starting
5 silly install loadCurrentTree
6 silly install readLocalPackageData
7 silly fetchPackageMetaData mongoose
8 silly fetchNamedPackageData mongoose
9 silly mapToRegistry name mongoose
10 silly mapToRegistry using default registry
11 silly mapToRegistry registry http://r.cnpmjs.org/
12 silly mapToRegistry data Result {
12 silly mapToRegistry   raw: 'mongoose',
12 silly mapToRegistry   scope: null,
12 silly mapToRegistry   escapedName: 'mongoose',
12 silly mapToRegistry   name: 'mongoose',
12 silly mapToRegistry   rawSpec: '',
12 silly mapToRegistry   spec: 'latest',
12 silly mapToRegistry   type: 'tag' }
13 silly mapToRegistry uri http://r.cnpmjs.org/mongoose
14 verbose request uri http://r.cnpmjs.org/mongoose
15 verbose request no auth needed
16 info attempt registry request try #1 at 17:56:36
17 verbose request id 9faea8d926024822
18 http request GET http://r.cnpmjs.org/mongoose
19 http 200 http://r.cnpmjs.org/mongoose
20 verbose headers { server: 'nginx/1.4.6 (Ubuntu)',
20 verbose headers   date: 'Sun, 12 Mar 2017 09:56:38 GMT',
20 verbose headers   'content-type': 'application/json; charset=utf-8',
20 verbose headers   'transfer-encoding': 'chunked',
20 verbose headers   connection: 'keep-alive',
20 verbose headers   'x-current-requests': '1',
20 verbose headers   'x-readtime': '254',
20 verbose headers   'strict-transport-security': 'max-age=15768000',
20 verbose headers   'content-encoding': 'gzip' }
21 silly get cb [ 200,
21 silly get   { server: 'nginx/1.4.6 (Ubuntu)',
21 silly get     date: 'Sun, 12 Mar 2017 09:56:38 GMT',
21 silly get     'content-type': 'application/json; charset=utf-8',
21 silly get     'transfer-encoding': 'chunked',
21 silly get     connection: 'keep-alive',
21 silly get     'x-current-requests': '1',
21 silly get     'x-readtime': '254',
21 silly get     'strict-transport-security': 'max-age=15768000',
21 silly get     'content-encoding': 'gzip' } ]
22 verbose get saving mongoose to C:\Users\MagicConch\AppData\Roaming\npm-cache\r.cnpmjs.org\mongoose\.cache.json
23 verbose correctMkdir C:\Users\MagicConch\AppData\Roaming\npm-cache correctMkdir not in flight; initializing
24 silly install normalizeTree
25 silly loadCurrentTree Finishing
26 silly loadIdealTree Starting
27 silly install loadIdealTree
28 silly cloneCurrentTree Starting
29 silly install cloneCurrentTreeToIdealTree
30 silly cloneCurrentTree Finishing
31 silly loadShrinkwrap Starting
32 silly install loadShrinkwrap
33 silly loadShrinkwrap Finishing
34 silly loadAllDepsIntoIdealTree Starting
35 silly install loadAllDepsIntoIdealTree
36 silly resolveWithNewModule mongoose@4.8.6 checking installable status
37 silly cache add args [ 'mongoose', null ]
38 verbose cache add spec mongoose
39 silly cache add parsed spec Result {
39 silly cache add   raw: 'mongoose',
39 silly cache add   scope: null,
39 silly cache add   escapedName: 'mongoose',
39 silly cache add   name: 'mongoose',
39 silly cache add   rawSpec: '',
39 silly cache add   spec: 'latest',
39 silly cache add   type: 'tag' }
40 silly addNamed mongoose@latest
41 verbose addNamed "latest" is being treated as a dist-tag for mongoose
42 info addNameTag [ 'mongoose', 'latest' ]
43 silly mapToRegistry name mongoose
44 silly mapToRegistry using default registry
45 silly mapToRegistry registry http://r.cnpmjs.org/
46 silly mapToRegistry data Result {
46 silly mapToRegistry   raw: 'mongoose',
46 silly mapToRegistry   scope: null,
46 silly mapToRegistry   escapedName: 'mongoose',
46 silly mapToRegistry   name: 'mongoose',
46 silly mapToRegistry   rawSpec: '',
46 silly mapToRegistry   spec: 'latest',
46 silly mapToRegistry   type: 'tag' }
47 silly mapToRegistry uri http://r.cnpmjs.org/mongoose
48 verbose addNameTag registry:http://r.cnpmjs.org/mongoose not in flight; fetching
49 verbose get http://r.cnpmjs.org/mongoose not expired, no request
50 silly addNameTag next cb for mongoose with tag latest
51 silly addNamed mongoose@4.8.6
52 verbose addNamed "4.8.6" is a plain semver version for mongoose
53 silly mapToRegistry name mongoose
54 silly mapToRegistry using default registry
55 silly mapToRegistry registry http://r.cnpmjs.org/
56 silly mapToRegistry data Result {
56 silly mapToRegistry   raw: 'mongoose',
56 silly mapToRegistry   scope: null,
56 silly mapToRegistry   escapedName: 'mongoose',
56 silly mapToRegistry   name: 'mongoose',
56 silly mapToRegistry   rawSpec: '',
56 silly mapToRegistry   spec: 'latest',
56 silly mapToRegistry   type: 'tag' }
57 silly mapToRegistry uri http://r.cnpmjs.org/mongoose
58 verbose addRemoteTarball http://r.cnpmjs.org/mongoose/download/mongoose-4.8.6.tgz not in flight; adding
59 verbose addRemoteTarball [ 'http://r.cnpmjs.org/mongoose/download/mongoose-4.8.6.tgz',
59 verbose addRemoteTarball   'f1b376b243fe86f54d5d5cddc7b990aade858f0d' ]
60 info retry fetch attempt 1 at 17:56:42
61 info attempt registry request try #1 at 17:56:42
62 http fetch GET http://r.cnpmjs.org/mongoose/download/mongoose-4.8.6.tgz
63 http fetch 200 http://r.cnpmjs.org/mongoose/download/mongoose-4.8.6.tgz
64 silly fetchAndShaCheck shasum f1b376b243fe86f54d5d5cddc7b990aade858f0d
65 silly rollbackFailedOptional Starting
66 silly rollbackFailedOptional Finishing
67 silly runTopLevelLifecycles Finishing
68 silly install printInstalled
69 verbose stack Error: shasum check failed for C:\Users\MAGICC~1\AppData\Local\Temp\npm-8820-3fe0a6d4\r.cnpmjs.org\mongoose\download\mongoose-4.8.6.tgz
69 verbose stack Expected: f1b376b243fe86f54d5d5cddc7b990aade858f0d
69 verbose stack Actual:   bac02c0999d5a6cb1dc4d02a429501b45eebe612
69 verbose stack From:     http://r.cnpmjs.org/mongoose/download/mongoose-4.8.6.tgz
69 verbose stack     at C:\Program Files\nodejs\node_modules\npm\node_modules\sha\index.js:25:8
69 verbose stack     at ReadStream.<anonymous> (C:\Program Files\nodejs\node_modules\npm\node_modules\sha\index.js:72:7)
69 verbose stack     at emitNone (events.js:91:20)
69 verbose stack     at ReadStream.emit (events.js:185:7)
69 verbose stack     at endReadableNT (_stream_readable.js:974:12)
69 verbose stack     at _combinedTickCallback (internal/process/next_tick.js:74:11)
69 verbose stack     at process._tickCallback (internal/process/next_tick.js:98:9)
70 verbose cwd C:\Users\MagicConch\OneDrive\myFrontEnd\LearnNode.js\demosInNodejsinaction\code_8.2
71 error Windows_NT 10.0.14393
72 error argv "C:\\Program Files\\nodejs\\node.exe" "C:\\Program Files\\nodejs\\node_modules\\npm\\bin\\npm-cli.js" "install" "mongoose"
73 error node v6.9.5
74 error npm  v3.10.10
75 error shasum check failed for C:\Users\MAGICC~1\AppData\Local\Temp\npm-8820-3fe0a6d4\r.cnpmjs.org\mongoose\download\mongoose-4.8.6.tgz
75 error Expected: f1b376b243fe86f54d5d5cddc7b990aade858f0d
75 error Actual:   bac02c0999d5a6cb1dc4d02a429501b45eebe612
75 error From:     http://r.cnpmjs.org/mongoose/download/mongoose-4.8.6.tgz
76 error If you need help, you may report this error at:
76 error     <https://github.com/npm/npm/issues>
77 verbose exit [ 1, true ]
